testing large DG matrices
resultc
--------------------------------------------------------------------------------
CPU name:	Intel(R) Xeon(R) CPU E5-2650 v4 @ 2.20GHz
CPU type:	Intel Xeon Broadwell EN/EP/EX processor
CPU clock:	2.20 GHz
--------------------------------------------------------------------------------
--------------------------------------------------------------------------------
Region basic-multiplication, Group 1: FLOPS_DP
+-------------------+-----------+
|    Region Info    |   Core 1  |
+-------------------+-----------+
| RDTSC Runtime [s] | 34.735340 |
|     call count    |     1     |
+-------------------+-----------+

+------------------------------------------+---------+--------------+
|                   Event                  | Counter |    Core 1    |
+------------------------------------------+---------+--------------+
|             INSTR_RETIRED_ANY            |  FIXC0  | 138020000000 |
|           CPU_CLK_UNHALTED_CORE          |  FIXC1  |  96232500000 |
|           CPU_CLK_UNHALTED_REF           |  FIXC2  |  76117210000 |
| FP_ARITH_INST_RETIRED_128B_PACKED_DOUBLE |   PMC0  |       0      |
|    FP_ARITH_INST_RETIRED_SCALAR_DOUBLE   |   PMC1  |      30      |
| FP_ARITH_INST_RETIRED_256B_PACKED_DOUBLE |   PMC2  |  22941360000 |
+------------------------------------------+---------+--------------+

+----------------------+--------------+
|        Metric        |    Core 1    |
+----------------------+--------------+
|  Runtime (RDTSC) [s] |    34.7353   |
| Runtime unhalted [s] |    43.7421   |
|      Clock [MHz]     |   2781.3844  |
|          CPI         |    0.6972    |
|        MFLOP/s       |   2641.8466  |
|      AVX MFLOP/s     |   2641.8466  |
|    Packed MUOPS/s    |   660.4617   |
|    Scalar MUOPS/s    | 8.636737e-07 |
+----------------------+--------------+

resultd
--------------------------------------------------------------------------------
CPU name:	Intel(R) Xeon(R) CPU E5-2650 v4 @ 2.20GHz
CPU type:	Intel Xeon Broadwell EN/EP/EX processor
CPU clock:	2.20 GHz
--------------------------------------------------------------------------------
--------------------------------------------------------------------------------
Region basic-multiplication, Group 1: FLOPS_DP
+-------------------+-----------+
|    Region Info    |   Core 1  |
+-------------------+-----------+
| RDTSC Runtime [s] | 35.265730 |
|     call count    |     1     |
+-------------------+-----------+

+------------------------------------------+---------+--------------+
|                   Event                  | Counter |    Core 1    |
+------------------------------------------+---------+--------------+
|             INSTR_RETIRED_ANY            |  FIXC0  | 138020000000 |
|           CPU_CLK_UNHALTED_CORE          |  FIXC1  |  95207740000 |
|           CPU_CLK_UNHALTED_REF           |  FIXC2  |  76980540000 |
| FP_ARITH_INST_RETIRED_128B_PACKED_DOUBLE |   PMC0  |       0      |
|    FP_ARITH_INST_RETIRED_SCALAR_DOUBLE   |   PMC1  |      30      |
| FP_ARITH_INST_RETIRED_256B_PACKED_DOUBLE |   PMC2  |  22941360000 |
+------------------------------------------+---------+--------------+

+----------------------+--------------+
|        Metric        |    Core 1    |
+----------------------+--------------+
|  Runtime (RDTSC) [s] |    35.2657   |
| Runtime unhalted [s] |    43.2780   |
|      Clock [MHz]     |   2720.7994  |
|          CPI         |    0.6898    |
|        MFLOP/s       |   2602.1137  |
|      AVX MFLOP/s     |   2602.1137  |
|    Packed MUOPS/s    |   650.5284   |
|    Scalar MUOPS/s    | 8.506842e-07 |
+----------------------+--------------+

resulte
--------------------------------------------------------------------------------
CPU name:	Intel(R) Xeon(R) CPU E5-2650 v4 @ 2.20GHz
CPU type:	Intel Xeon Broadwell EN/EP/EX processor
CPU clock:	2.20 GHz
--------------------------------------------------------------------------------
--------------------------------------------------------------------------------
Region basic-multiplication, Group 1: FLOPS_DP
+-------------------+------------+
|    Region Info    |   Core 1   |
+-------------------+------------+
| RDTSC Runtime [s] | 542.248600 |
|     call count    |      1     |
+-------------------+------------+

+------------------------------------------+---------+---------------+
|                   Event                  | Counter |     Core 1    |
+------------------------------------------+---------+---------------+
|             INSTR_RETIRED_ANY            |  FIXC0  | 2154037000000 |
|           CPU_CLK_UNHALTED_CORE          |  FIXC1  | 1502902000000 |
|           CPU_CLK_UNHALTED_REF           |  FIXC2  | 1188209000000 |
| FP_ARITH_INST_RETIRED_128B_PACKED_DOUBLE |   PMC0  |       0       |
|    FP_ARITH_INST_RETIRED_SCALAR_DOUBLE   |   PMC1  |   320410300   |
| FP_ARITH_INST_RETIRED_256B_PACKED_DOUBLE |   PMC2  |  358378600000 |
+------------------------------------------+---------+---------------+

+----------------------+-----------+
|        Metric        |   Core 1  |
+----------------------+-----------+
|  Runtime (RDTSC) [s] |  542.2486 |
| Runtime unhalted [s] |  683.1424 |
|      Clock [MHz]     | 2782.6416 |
|          CPI         |   0.6977  |
|        MFLOP/s       | 2644.2388 |
|      AVX MFLOP/s     | 2643.6480 |
|    Packed MUOPS/s    |  660.9120 |
|    Scalar MUOPS/s    |   0.5909  |
+----------------------+-----------+

resultf
--------------------------------------------------------------------------------
CPU name:	Intel(R) Xeon(R) CPU E5-2650 v4 @ 2.20GHz
CPU type:	Intel Xeon Broadwell EN/EP/EX processor
CPU clock:	2.20 GHz
--------------------------------------------------------------------------------
--------------------------------------------------------------------------------
Region basic-multiplication, Group 1: FLOPS_DP
+-------------------+------------+
|    Region Info    |   Core 1   |
+-------------------+------------+
| RDTSC Runtime [s] | 542.840100 |
|     call count    |      1     |
+-------------------+------------+

+------------------------------------------+---------+---------------+
|                   Event                  | Counter |     Core 1    |
+------------------------------------------+---------+---------------+
|             INSTR_RETIRED_ANY            |  FIXC0  | 2154037000000 |
|           CPU_CLK_UNHALTED_CORE          |  FIXC1  | 1500612000000 |
|           CPU_CLK_UNHALTED_REF           |  FIXC2  | 1187858000000 |
| FP_ARITH_INST_RETIRED_128B_PACKED_DOUBLE |   PMC0  |       0       |
|    FP_ARITH_INST_RETIRED_SCALAR_DOUBLE   |   PMC1  |   320410300   |
| FP_ARITH_INST_RETIRED_256B_PACKED_DOUBLE |   PMC2  |  358378600000 |
+------------------------------------------+---------+---------------+

+----------------------+-----------+
|        Metric        |   Core 1  |
+----------------------+-----------+
|  Runtime (RDTSC) [s] |  542.8401 |
| Runtime unhalted [s] |  682.0981 |
|      Clock [MHz]     | 2779.2361 |
|          CPI         |   0.6967  |
|        MFLOP/s       | 2641.3576 |
|      AVX MFLOP/s     | 2640.7673 |
|    Packed MUOPS/s    |  660.1918 |
|    Scalar MUOPS/s    |   0.5902  |
+----------------------+-----------+

resultg
--------------------------------------------------------------------------------
CPU name:	Intel(R) Xeon(R) CPU E5-2650 v4 @ 2.20GHz
CPU type:	Intel Xeon Broadwell EN/EP/EX processor
CPU clock:	2.20 GHz
--------------------------------------------------------------------------------
--------------------------------------------------------------------------------
Region basic-multiplication, Group 1: FLOPS_DP
+-------------------+-------------+
|    Region Info    |    Core 1   |
+-------------------+-------------+
| RDTSC Runtime [s] | 4918.204000 |
|     call count    |      1      |
+-------------------+-------------+

+------------------------------------------+---------+----------------+
|                   Event                  | Counter |     Core 1     |
+------------------------------------------+---------+----------------+
|             INSTR_RETIRED_ANY            |  FIXC0  | 17215320000000 |
|           CPU_CLK_UNHALTED_CORE          |  FIXC1  | 13606460000000 |
|           CPU_CLK_UNHALTED_REF           |  FIXC2  | 10770440000000 |
| FP_ARITH_INST_RETIRED_128B_PACKED_DOUBLE |   PMC0  |        0       |
|    FP_ARITH_INST_RETIRED_SCALAR_DOUBLE   |   PMC1  |      2312      |
| FP_ARITH_INST_RETIRED_256B_PACKED_DOUBLE |   PMC2  |  2867670000000 |
+------------------------------------------+---------+----------------+

+----------------------+--------------+
|        Metric        |    Core 1    |
+----------------------+--------------+
|  Runtime (RDTSC) [s] |   4918.2040  |
| Runtime unhalted [s] |   6184.9233  |
|      Clock [MHz]     |   2779.2175  |
|          CPI         |    0.7904    |
|        MFLOP/s       |   2332.2904  |
|      AVX MFLOP/s     |   2332.2904  |
|    Packed MUOPS/s    |   583.0726   |
|    Scalar MUOPS/s    | 4.700903e-07 |
+----------------------+--------------+

resulth
--------------------------------------------------------------------------------
CPU name:	Intel(R) Xeon(R) CPU E5-2650 v4 @ 2.20GHz
CPU type:	Intel Xeon Broadwell EN/EP/EX processor
CPU clock:	2.20 GHz
--------------------------------------------------------------------------------
--------------------------------------------------------------------------------
Region basic-multiplication, Group 1: FLOPS_DP
+-------------------+-------------+
|    Region Info    |    Core 1   |
+-------------------+-------------+
| RDTSC Runtime [s] | 4901.706000 |
|     call count    |      1      |
+-------------------+-------------+

+------------------------------------------+---------+----------------+
|                   Event                  | Counter |     Core 1     |
+------------------------------------------+---------+----------------+
|             INSTR_RETIRED_ANY            |  FIXC0  | 17215320000000 |
|           CPU_CLK_UNHALTED_CORE          |  FIXC1  | 13558380000000 |
|           CPU_CLK_UNHALTED_REF           |  FIXC2  | 10734880000000 |
| FP_ARITH_INST_RETIRED_128B_PACKED_DOUBLE |   PMC0  |        0       |
|    FP_ARITH_INST_RETIRED_SCALAR_DOUBLE   |   PMC1  |      2298      |
| FP_ARITH_INST_RETIRED_256B_PACKED_DOUBLE |   PMC2  |  2867670000000 |
+------------------------------------------+---------+----------------+

+----------------------+--------------+
|        Metric        |    Core 1    |
+----------------------+--------------+
|  Runtime (RDTSC) [s] |   4901.7060  |
| Runtime unhalted [s] |   6163.0771  |
|      Clock [MHz]     |   2778.5666  |
|          CPI         |    0.7876    |
|        MFLOP/s       |   2340.1404  |
|      AVX MFLOP/s     |   2340.1404  |
|    Packed MUOPS/s    |   585.0351   |
|    Scalar MUOPS/s    | 4.688164e-07 |
+----------------------+--------------+

resulti
--------------------------------------------------------------------------------
CPU name:	Intel(R) Xeon(R) CPU E5-2650 v4 @ 2.20GHz
CPU type:	Intel Xeon Broadwell EN/EP/EX processor
CPU clock:	2.20 GHz
--------------------------------------------------------------------------------
--------------------------------------------------------------------------------
Region basic-multiplication, Group 1: FLOPS_DP
+-------------------+--------------+
|    Region Info    |    Core 1    |
+-------------------+--------------+
| RDTSC Runtime [s] | 33004.090000 |
|     call count    |       1      |
+-------------------+--------------+

+------------------------------------------+---------+----------------+
|                   Event                  | Counter |     Core 1     |
+------------------------------------------+---------+----------------+
|             INSTR_RETIRED_ANY            |  FIXC0  | 92248870000000 |
|           CPU_CLK_UNHALTED_CORE          |  FIXC1  | 91211960000000 |
|           CPU_CLK_UNHALTED_REF           |  FIXC2  | 72276040000000 |
| FP_ARITH_INST_RETIRED_128B_PACKED_DOUBLE |   PMC0  |        0       |
|    FP_ARITH_INST_RETIRED_SCALAR_DOUBLE   |   PMC1  |   1962527000   |
| FP_ARITH_INST_RETIRED_256B_PACKED_DOUBLE |   PMC2  | 15368430000000 |
+------------------------------------------+---------+----------------+

+----------------------+------------+
|        Metric        |   Core 1   |
+----------------------+------------+
|  Runtime (RDTSC) [s] | 33004.0900 |
| Runtime unhalted [s] | 41463.8726 |
|      Clock [MHz]     |  2776.1272 |
|          CPI         |   0.9888   |
|        MFLOP/s       |  1862.6686 |
|      AVX MFLOP/s     |  1862.6091 |
|    Packed MUOPS/s    |  465.6523  |
|    Scalar MUOPS/s    |   0.0595   |
+----------------------+------------+

resultj
--------------------------------------------------------------------------------
CPU name:	Intel(R) Xeon(R) CPU E5-2650 v4 @ 2.20GHz
CPU type:	Intel Xeon Broadwell EN/EP/EX processor
CPU clock:	2.20 GHz
--------------------------------------------------------------------------------
--------------------------------------------------------------------------------
Region basic-multiplication, Group 1: FLOPS_DP
+-------------------+--------------+
|    Region Info    |    Core 1    |
+-------------------+--------------+
| RDTSC Runtime [s] | 33007.580000 |
|     call count    |       1      |
+-------------------+--------------+

+------------------------------------------+---------+----------------+
|                   Event                  | Counter |     Core 1     |
+------------------------------------------+---------+----------------+
|             INSTR_RETIRED_ANY            |  FIXC0  | 92248870000000 |
|           CPU_CLK_UNHALTED_CORE          |  FIXC1  | 91292690000000 |
|           CPU_CLK_UNHALTED_REF           |  FIXC2  | 72289190000000 |
| FP_ARITH_INST_RETIRED_128B_PACKED_DOUBLE |   PMC0  |        0       |
|    FP_ARITH_INST_RETIRED_SCALAR_DOUBLE   |   PMC1  |   1962527000   |
| FP_ARITH_INST_RETIRED_256B_PACKED_DOUBLE |   PMC2  | 15368430000000 |
+------------------------------------------+---------+----------------+

+----------------------+------------+
|        Metric        |   Core 1   |
+----------------------+------------+
|  Runtime (RDTSC) [s] | 33007.5800 |
| Runtime unhalted [s] | 41499.4857 |
|      Clock [MHz]     |  2778.1516 |
|          CPI         |   0.9896   |
|        MFLOP/s       |  1862.4717 |
|      AVX MFLOP/s     |  1862.4122 |
|    Packed MUOPS/s    |  465.6031  |
|    Scalar MUOPS/s    |   0.0595   |
+----------------------+------------+

testing bigger 3D
resultk
--------------------------------------------------------------------------------
CPU name:	Intel(R) Xeon(R) CPU E5-2650 v4 @ 2.20GHz
CPU type:	Intel Xeon Broadwell EN/EP/EX processor
CPU clock:	2.20 GHz
--------------------------------------------------------------------------------
--------------------------------------------------------------------------------
resultl
--------------------------------------------------------------------------------
CPU name:	Intel(R) Xeon(R) CPU E5-2650 v4 @ 2.20GHz
CPU type:	Intel Xeon Broadwell EN/EP/EX processor
CPU clock:	2.20 GHz
--------------------------------------------------------------------------------
--------------------------------------------------------------------------------
resultm
--------------------------------------------------------------------------------
CPU name:	Intel(R) Xeon(R) CPU E5-2650 v4 @ 2.20GHz
CPU type:	Intel Xeon Broadwell EN/EP/EX processor
CPU clock:	2.20 GHz
--------------------------------------------------------------------------------
--------------------------------------------------------------------------------
resultn
--------------------------------------------------------------------------------
CPU name:	Intel(R) Xeon(R) CPU E5-2650 v4 @ 2.20GHz
CPU type:	Intel Xeon Broadwell EN/EP/EX processor
CPU clock:	2.20 GHz
--------------------------------------------------------------------------------
--------------------------------------------------------------------------------
