Unmatched `.
No regions could be found in Marker API result file
No regions could be found in Marker API result file
*** Error in `./sparsemm': free(): invalid next size (normal): 0x000000000232d560 ***
======= Backtrace: =========
/usr/lib64/libc.so.6(+0x7d053)[0x2b4298be6053]
/usr/lib64/libc.so.6(fclose+0x155)[0x2b4298bd3ff5]
/usr/lib64/libc.so.6(+0xf5322)[0x2b4298c5e322]
/usr/lib64/libc.so.6(__sysconf+0x54a)[0x2b4298c2958a]
/usr/lib64/libc.so.6(qsort_r+0x2ab)[0x2b4298ba13ab]
./sparsemm[0x401570]
./sparsemm[0x401cc9]
./sparsemm(main+0x1ae)[0x400d6e]
/usr/lib64/libc.so.6(__libc_start_main+0xf5)[0x2b4298b8ab15]
./sparsemm[0x4012c9]
======= Memory map: ========
00400000-00405000 r-xp 00000000 00:2c 128231800                          /ddn/home/wbbz74/gpu/sparsemm
00604000-00605000 r--p 00004000 00:2c 128231800                          /ddn/home/wbbz74/gpu/sparsemm
00605000-00606000 rw-p 00005000 00:2c 128231800                          /ddn/home/wbbz74/gpu/sparsemm
022f6000-02338000 rw-p 00000000 00:00 0                                  [heap]
2b42978d6000-2b42978f7000 r-xp 00000000 00:22 39444                      /usr/lib64/ld-2.17.so
2b42978f7000-2b42978f9000 rw-p 00000000 00:00 0 
2b4297901000-2b4297957000 rw-p 00000000 00:00 0 
2b4297957000-2b429796c000 r-xp 00000000 00:2c 558081845                  /ddn/data/hamilton6/apps/intel/xe_2015/advisor_xe_2015.1.10.380555/lib64/libgcc_s.so.1
2b429796c000-2b4297a6c000 ---p 00015000 00:2c 558081845                  /ddn/data/hamilton6/apps/intel/xe_2015/advisor_xe_2015.1.10.380555/lib64/libgcc_s.so.1
2b4297a6c000-2b4297a6d000 rw-p 00015000 00:2c 558081845                  /ddn/data/hamilton6/apps/intel/xe_2015/advisor_xe_2015.1.10.380555/lib64/libgcc_s.so.1
2b4297af7000-2b4297af8000 r--p 00021000 00:22 39444                      /usr/lib64/ld-2.17.so
2b4297af8000-2b4297af9000 rw-p 00022000 00:22 39444                      /usr/lib64/ld-2.17.so
2b4297af9000-2b4297afa000 rw-p 00000000 00:00 0 
2b4297afa000-2b4297c89000 r-xp 00000000 00:2c 3612220                    /ddn/apps/Cluster-Apps/likwid/4.1/lib/liblikwid.so.4.1
2b4297c89000-2b4297e89000 ---p 0018f000 00:2c 3612220                    /ddn/apps/Cluster-Apps/likwid/4.1/lib/liblikwid.so.4.1
2b4297e89000-2b4297e8a000 r--p 0018f000 00:2c 3612220                    /ddn/apps/Cluster-Apps/likwid/4.1/lib/liblikwid.so.4.1
2b4297e8a000-2b42985d1000 rw-p 00190000 00:2c 3612220                    /ddn/apps/Cluster-Apps/likwid/4.1/lib/liblikwid.so.4.1
2b42985d1000-2b429864b000 rw-p 00000000 00:00 0 
2b429864b000-2b429874c000 r-xp 00000000 00:22 39495                      /usr/lib64/libm-2.17.so
2b429874c000-2b429894b000 ---p 00101000 00:22 39495                      /usr/lib64/libm-2.17.so
2b429894b000-2b429894c000 r--p 00100000 00:22 39495                      /usr/lib64/libm-2.17.so
2b429894c000-2b429894d000 rw-p 00101000 00:22 39495                      /usr/lib64/libm-2.17.so
2b429894d000-2b4298963000 r-xp 00000000 00:22 39996                      /usr/lib64/libpthread-2.17.so
2b4298963000-2b4298b63000 ---p 00016000 00:22 39996                      /usr/lib64/libpthread-2.17.so
2b4298b63000-2b4298b64000 r--p 00016000 00:22 39996                      /usr/lib64/libpthread-2.17.so
2b4298b64000-2b4298b65000 rw-p 00017000 00:22 39996                      /usr/lib64/libpthread-2.17.so
2b4298b65000-2b4298b69000 rw-p 00000000 00:00 0 
2b4298b69000-2b4298d20000 r-xp 00000000 00:22 39477                      /usr/lib64/libc-2.17.so
2b4298d20000-2b4298f20000 ---p 001b7000 00:22 39477                      /usr/lib64/libc-2.17.so
2b4298f20000-2b4298f24000 r--p 001b7000 00:22 39477                      /usr/lib64/libc-2.17.so
2b4298f24000-2b4298f26000 rw-p 001bb000 00:22 39477                      /usr/lib64/libc-2.17.so
2b4298f26000-2b4298f2b000 rw-p 00000000 00:00 0 
2b4298f2b000-2b4298f32000 r-xp 00000000 00:22 40004                      /usr/lib64/librt-2.17.so
2b4298f32000-2b4299131000 ---p 00007000 00:22 40004                      /usr/lib64/librt-2.17.so
2b4299131000-2b4299132000 r--p 00006000 00:22 40004                      /usr/lib64/librt-2.17.so
2b4299132000-2b4299133000 rw-p 00007000 00:22 40004                      /usr/lib64/librt-2.17.so
2b4299133000-2b4299136000 r-xp 00000000 00:22 39491                      /usr/lib64/libdl-2.17.so
2b4299136000-2b4299335000 ---p 00003000 00:22 39491                      /usr/lib64/libdl-2.17.so
2b4299335000-2b4299336000 r--p 00002000 00:22 39491                      /usr/lib64/libdl-2.17.so
2b4299336000-2b4299337000 rw-p 00003000 00:22 39491                      /usr/lib64/libdl-2.17.so
2b4299337000-2b4299365000 r-xp 00000000 00:2c 3612222                    /ddn/apps/Cluster-Apps/likwid/4.1/lib/liblikwid-hwloc.so.4.1
2b4299365000-2b4299565000 ---p 0002e000 00:2c 3612222                    /ddn/apps/Cluster-Apps/likwid/4.1/lib/liblikwid-hwloc.so.4.1
2b4299565000-2b4299566000 r--p 0002e000 00:2c 3612222                    /ddn/apps/Cluster-Apps/likwid/4.1/lib/liblikwid-hwloc.so.4.1
2b4299566000-2b4299567000 rw-p 0002f000 00:2c 3612222                    /ddn/apps/Cluster-Apps/likwid/4.1/lib/liblikwid-hwloc.so.4.1
2b4299567000-2b429959e000 r-xp 00000000 00:2c 3612223                    /ddn/apps/Cluster-Apps/likwid/4.1/lib/liblikwid-lua.so.4.1
2b429959e000-2b429979d000 ---p 00037000 00:2c 3612223                    /ddn/apps/Cluster-Apps/likwid/4.1/lib/liblikwid-lua.so.4.1
2b429979d000-2b429979f000 r--p 00036000 00:2c 3612223                    /ddn/apps/Cluster-Apps/likwid/4.1/lib/liblikwid-lua.so.4.1
2b429979f000-2b42997a0000 rw-p 00038000 00:2c 3612223                    /ddn/apps/Cluster-Apps/likwid/4.1/lib/liblikwid-lua.so.4.1
2b42997a0000-2b429aef7000 rw-p 00000000 00:00 0 
2b429c000000-2b429c021000 rw-p 00000000 00:00 0 
2b429c021000-2b42a0000000 ---p 00000000 00:00 0 
7ffe9900c000-7ffe9902c000 rwxp 00000000 00:00 0                          [stack]
7ffe9902c000-7ffe9902e000 rw-p 00000000 00:00 0 
7ffe99039000-7ffe9903b000 r-xp 00000000 00:00 0                          [vdso]
ffffffffff600000-ffffffffff601000 r-xp 00000000 00:00 0                  [vsyscall]
No regions could be found in Marker API result file
*** Error in `./sparsemm': free(): invalid next size (normal): 0x0000000001864fa0 ***
======= Backtrace: =========
/usr/lib64/libc.so.6(+0x7d053)[0x2b0be1c50053]
/usr/lib64/libc.so.6(fclose+0x155)[0x2b0be1c3dff5]
/usr/lib64/libc.so.6(+0xf5322)[0x2b0be1cc8322]
/usr/lib64/libc.so.6(__sysconf+0x54a)[0x2b0be1c9358a]
/usr/lib64/libc.so.6(qsort_r+0x2ab)[0x2b0be1c0b3ab]
./sparsemm[0x401570]
./sparsemm[0x401cc9]
./sparsemm(main+0x1ae)[0x400d6e]
/usr/lib64/libc.so.6(__libc_start_main+0xf5)[0x2b0be1bf4b15]
./sparsemm[0x4012c9]
======= Memory map: ========
00400000-00405000 r-xp 00000000 00:2c 128231800                          /ddn/home/wbbz74/gpu/sparsemm
00604000-00605000 r--p 00004000 00:2c 128231800                          /ddn/home/wbbz74/gpu/sparsemm
00605000-00606000 rw-p 00005000 00:2c 128231800                          /ddn/home/wbbz74/gpu/sparsemm
0181f000-01885000 rw-p 00000000 00:00 0                                  [heap]
2b0be0940000-2b0be0961000 r-xp 00000000 00:22 39444                      /usr/lib64/ld-2.17.so
2b0be0961000-2b0be0963000 rw-p 00000000 00:00 0 
2b0be096b000-2b0be09c1000 rw-p 00000000 00:00 0 
2b0be09c1000-2b0be09d6000 r-xp 00000000 00:2c 558081845                  /ddn/data/hamilton6/apps/intel/xe_2015/advisor_xe_2015.1.10.380555/lib64/libgcc_s.so.1
2b0be09d6000-2b0be0ad6000 ---p 00015000 00:2c 558081845                  /ddn/data/hamilton6/apps/intel/xe_2015/advisor_xe_2015.1.10.380555/lib64/libgcc_s.so.1
2b0be0ad6000-2b0be0ad7000 rw-p 00015000 00:2c 558081845                  /ddn/data/hamilton6/apps/intel/xe_2015/advisor_xe_2015.1.10.380555/lib64/libgcc_s.so.1
2b0be0b61000-2b0be0b62000 r--p 00021000 00:22 39444                      /usr/lib64/ld-2.17.so
2b0be0b62000-2b0be0b63000 rw-p 00022000 00:22 39444                      /usr/lib64/ld-2.17.so
2b0be0b63000-2b0be0b64000 rw-p 00000000 00:00 0 
2b0be0b64000-2b0be0cf3000 r-xp 00000000 00:2c 3612220                    /ddn/apps/Cluster-Apps/likwid/4.1/lib/liblikwid.so.4.1
2b0be0cf3000-2b0be0ef3000 ---p 0018f000 00:2c 3612220                    /ddn/apps/Cluster-Apps/likwid/4.1/lib/liblikwid.so.4.1
2b0be0ef3000-2b0be0ef4000 r--p 0018f000 00:2c 3612220                    /ddn/apps/Cluster-Apps/likwid/4.1/lib/liblikwid.so.4.1
2b0be0ef4000-2b0be163b000 rw-p 00190000 00:2c 3612220                    /ddn/apps/Cluster-Apps/likwid/4.1/lib/liblikwid.so.4.1
2b0be163b000-2b0be16b5000 rw-p 00000000 00:00 0 
2b0be16b5000-2b0be17b6000 r-xp 00000000 00:22 39495                      /usr/lib64/libm-2.17.so
2b0be17b6000-2b0be19b5000 ---p 00101000 00:22 39495                      /usr/lib64/libm-2.17.so
2b0be19b5000-2b0be19b6000 r--p 00100000 00:22 39495                      /usr/lib64/libm-2.17.so
2b0be19b6000-2b0be19b7000 rw-p 00101000 00:22 39495                      /usr/lib64/libm-2.17.so
2b0be19b7000-2b0be19cd000 r-xp 00000000 00:22 39996                      /usr/lib64/libpthread-2.17.so
2b0be19cd000-2b0be1bcd000 ---p 00016000 00:22 39996                      /usr/lib64/libpthread-2.17.so
2b0be1bcd000-2b0be1bce000 r--p 00016000 00:22 39996                      /usr/lib64/libpthread-2.17.so
2b0be1bce000-2b0be1bcf000 rw-p 00017000 00:22 39996                      /usr/lib64/libpthread-2.17.so
2b0be1bcf000-2b0be1bd3000 rw-p 00000000 00:00 0 
2b0be1bd3000-2b0be1d8a000 r-xp 00000000 00:22 39477                      /usr/lib64/libc-2.17.so
2b0be1d8a000-2b0be1f8a000 ---p 001b7000 00:22 39477                      /usr/lib64/libc-2.17.so
2b0be1f8a000-2b0be1f8e000 r--p 001b7000 00:22 39477                      /usr/lib64/libc-2.17.so
2b0be1f8e000-2b0be1f90000 rw-p 001bb000 00:22 39477                      /usr/lib64/libc-2.17.so
2b0be1f90000-2b0be1f95000 rw-p 00000000 00:00 0 
2b0be1f95000-2b0be1f9c000 r-xp 00000000 00:22 40004                      /usr/lib64/librt-2.17.so
2b0be1f9c000-2b0be219b000 ---p 00007000 00:22 40004                      /usr/lib64/librt-2.17.so
2b0be219b000-2b0be219c000 r--p 00006000 00:22 40004                      /usr/lib64/librt-2.17.so
2b0be219c000-2b0be219d000 rw-p 00007000 00:22 40004                      /usr/lib64/librt-2.17.so
2b0be219d000-2b0be21a0000 r-xp 00000000 00:22 39491                      /usr/lib64/libdl-2.17.so
2b0be21a0000-2b0be239f000 ---p 00003000 00:22 39491                      /usr/lib64/libdl-2.17.so
2b0be239f000-2b0be23a0000 r--p 00002000 00:22 39491                      /usr/lib64/libdl-2.17.so
2b0be23a0000-2b0be23a1000 rw-p 00003000 00:22 39491                      /usr/lib64/libdl-2.17.so
2b0be23a1000-2b0be23cf000 r-xp 00000000 00:2c 3612222                    /ddn/apps/Cluster-Apps/likwid/4.1/lib/liblikwid-hwloc.so.4.1
2b0be23cf000-2b0be25cf000 ---p 0002e000 00:2c 3612222                    /ddn/apps/Cluster-Apps/likwid/4.1/lib/liblikwid-hwloc.so.4.1
2b0be25cf000-2b0be25d0000 r--p 0002e000 00:2c 3612222                    /ddn/apps/Cluster-Apps/likwid/4.1/lib/liblikwid-hwloc.so.4.1
2b0be25d0000-2b0be25d1000 rw-p 0002f000 00:2c 3612222                    /ddn/apps/Cluster-Apps/likwid/4.1/lib/liblikwid-hwloc.so.4.1
2b0be25d1000-2b0be2608000 r-xp 00000000 00:2c 3612223                    /ddn/apps/Cluster-Apps/likwid/4.1/lib/liblikwid-lua.so.4.1
2b0be2608000-2b0be2807000 ---p 00037000 00:2c 3612223                    /ddn/apps/Cluster-Apps/likwid/4.1/lib/liblikwid-lua.so.4.1
2b0be2807000-2b0be2809000 r--p 00036000 00:2c 3612223                    /ddn/apps/Cluster-Apps/likwid/4.1/lib/liblikwid-lua.so.4.1
2b0be2809000-2b0be280a000 rw-p 00038000 00:2c 3612223                    /ddn/apps/Cluster-Apps/likwid/4.1/lib/liblikwid-lua.so.4.1
2b0be280a000-2b0be3f61000 rw-p 00000000 00:00 0 
2b0be4000000-2b0be4021000 rw-p 00000000 00:00 0 
2b0be4021000-2b0be8000000 ---p 00000000 00:00 0 
7ffc16790000-7ffc167af000 rwxp 00000000 00:00 0                          [stack]
7ffc167af000-7ffc167b2000 rw-p 00000000 00:00 0 
7ffc167ef000-7ffc167f1000 r-xp 00000000 00:00 0                          [vdso]
ffffffffff600000-ffffffffff601000 r-xp 00000000 00:00 0                  [vsyscall]
No regions could be found in Marker API result file
No regions could be found in Marker API result file
No regions could be found in Marker API result file
No regions could be found in Marker API result file
No regions could be found in Marker API result file
No regions could be found in Marker API result file
No regions could be found in Marker API result file
No regions could be found in Marker API result file
No regions could be found in Marker API result file
No regions could be found in Marker API result file
No regions could be found in Marker API result file
