testing small matricies
resulta
--------------------------------------------------------------------------------
CPU name:	Intel(R) Xeon(R) CPU E5-2650 v4 @ 2.20GHz
CPU type:	Intel Xeon Broadwell EN/EP/EX processor
CPU clock:	2.20 GHz
--------------------------------------------------------------------------------
--------------------------------------------------------------------------------
resultb
--------------------------------------------------------------------------------
CPU name:	Intel(R) Xeon(R) CPU E5-2650 v4 @ 2.20GHz
CPU type:	Intel Xeon Broadwell EN/EP/EX processor
CPU clock:	2.20 GHz
--------------------------------------------------------------------------------
--------------------------------------------------------------------------------
testing small DG matrices
resultc
--------------------------------------------------------------------------------
CPU name:	Intel(R) Xeon(R) CPU E5-2650 v4 @ 2.20GHz
CPU type:	Intel Xeon Broadwell EN/EP/EX processor
CPU clock:	2.20 GHz
--------------------------------------------------------------------------------
--------------------------------------------------------------------------------
resultd
--------------------------------------------------------------------------------
CPU name:	Intel(R) Xeon(R) CPU E5-2650 v4 @ 2.20GHz
CPU type:	Intel Xeon Broadwell EN/EP/EX processor
CPU clock:	2.20 GHz
--------------------------------------------------------------------------------
--------------------------------------------------------------------------------
resulte
--------------------------------------------------------------------------------
CPU name:	Intel(R) Xeon(R) CPU E5-2650 v4 @ 2.20GHz
CPU type:	Intel Xeon Broadwell EN/EP/EX processor
CPU clock:	2.20 GHz
--------------------------------------------------------------------------------
--------------------------------------------------------------------------------
resultf
--------------------------------------------------------------------------------
CPU name:	Intel(R) Xeon(R) CPU E5-2650 v4 @ 2.20GHz
CPU type:	Intel Xeon Broadwell EN/EP/EX processor
CPU clock:	2.20 GHz
--------------------------------------------------------------------------------
--------------------------------------------------------------------------------
resultg
--------------------------------------------------------------------------------
CPU name:	Intel(R) Xeon(R) CPU E5-2650 v4 @ 2.20GHz
CPU type:	Intel Xeon Broadwell EN/EP/EX processor
CPU clock:	2.20 GHz
--------------------------------------------------------------------------------
--------------------------------------------------------------------------------
resulth
--------------------------------------------------------------------------------
CPU name:	Intel(R) Xeon(R) CPU E5-2650 v4 @ 2.20GHz
CPU type:	Intel Xeon Broadwell EN/EP/EX processor
CPU clock:	2.20 GHz
--------------------------------------------------------------------------------
--------------------------------------------------------------------------------
resulti
--------------------------------------------------------------------------------
CPU name:	Intel(R) Xeon(R) CPU E5-2650 v4 @ 2.20GHz
CPU type:	Intel Xeon Broadwell EN/EP/EX processor
CPU clock:	2.20 GHz
--------------------------------------------------------------------------------
--------------------------------------------------------------------------------
resultj
--------------------------------------------------------------------------------
CPU name:	Intel(R) Xeon(R) CPU E5-2650 v4 @ 2.20GHz
CPU type:	Intel Xeon Broadwell EN/EP/EX processor
CPU clock:	2.20 GHz
--------------------------------------------------------------------------------
--------------------------------------------------------------------------------
testing bigger 3D
resultk
--------------------------------------------------------------------------------
CPU name:	Intel(R) Xeon(R) CPU E5-2650 v4 @ 2.20GHz
CPU type:	Intel Xeon Broadwell EN/EP/EX processor
CPU clock:	2.20 GHz
--------------------------------------------------------------------------------
--------------------------------------------------------------------------------
resultl
--------------------------------------------------------------------------------
CPU name:	Intel(R) Xeon(R) CPU E5-2650 v4 @ 2.20GHz
CPU type:	Intel Xeon Broadwell EN/EP/EX processor
CPU clock:	2.20 GHz
--------------------------------------------------------------------------------
--------------------------------------------------------------------------------
resultm
--------------------------------------------------------------------------------
CPU name:	Intel(R) Xeon(R) CPU E5-2650 v4 @ 2.20GHz
CPU type:	Intel Xeon Broadwell EN/EP/EX processor
CPU clock:	2.20 GHz
--------------------------------------------------------------------------------
--------------------------------------------------------------------------------
resultn
--------------------------------------------------------------------------------
CPU name:	Intel(R) Xeon(R) CPU E5-2650 v4 @ 2.20GHz
CPU type:	Intel Xeon Broadwell EN/EP/EX processor
CPU clock:	2.20 GHz
--------------------------------------------------------------------------------
--------------------------------------------------------------------------------
